{"numFailedTestSuites":0,"numFailedTests":0,"numPassedTestSuites":2,"numPassedTests":8,"numPendingTestSuites":0,"numPendingTests":0,"numRuntimeErrorTestSuites":0,"numTodoTests":0,"numTotalTestSuites":2,"numTotalTests":8,"openHandles":[],"snapshot":{"added":0,"didUpdate":false,"failure":false,"filesAdded":0,"filesRemoved":0,"filesRemovedList":[],"filesUnmatched":0,"filesUpdated":0,"matched":0,"total":0,"unchecked":0,"uncheckedKeysByFile":[],"unmatched":0,"updated":0},"startTime":1756773876119,"success":true,"testResults":[{"assertionResults":[{"ancestorTitles":["InvoicesController (e2e)"],"duration":40,"failureDetails":[],"failureMessages":[],"fullName":"InvoicesController (e2e) GET /api/invoices/__health should respond ok","invocations":1,"location":null,"numPassingAsserts":1,"retryReasons":[],"status":"passed","title":"GET /api/invoices/__health should respond ok"},{"ancestorTitles":["InvoicesController (e2e)"],"duration":6,"failureDetails":[],"failureMessages":[],"fullName":"InvoicesController (e2e) GET /api/invoices/payment-types should return types","invocations":1,"location":null,"numPassingAsserts":3,"retryReasons":[],"status":"passed","title":"GET /api/invoices/payment-types should return types"},{"ancestorTitles":["InvoicesController (e2e)"],"duration":4,"failureDetails":[],"failureMessages":[],"fullName":"InvoicesController (e2e) GET /api/invoices/sellers should return sellers list","invocations":1,"location":null,"numPassingAsserts":2,"retryReasons":[],"status":"passed","title":"GET /api/invoices/sellers should return sellers list"},{"ancestorTitles":["InvoicesController (e2e)"],"duration":15,"failureDetails":[],"failureMessages":[],"fullName":"InvoicesController (e2e) POST /api/invoices should create an invoice","invocations":1,"location":null,"numPassingAsserts":3,"retryReasons":[],"status":"passed","title":"POST /api/invoices should create an invoice"},{"ancestorTitles":["InvoicesController (e2e)"],"duration":5,"failureDetails":[],"failureMessages":[],"fullName":"InvoicesController (e2e) POST /api/invoices/from-order should convert and create invoice","invocations":1,"location":null,"numPassingAsserts":4,"retryReasons":[],"status":"passed","title":"POST /api/invoices/from-order should convert and create invoice"},{"ancestorTitles":["InvoicesController (e2e)"],"duration":4,"failureDetails":[],"failureMessages":[],"fullName":"InvoicesController (e2e) POST /api/invoices/cancel/:serie/:numero should create credit note","invocations":1,"location":null,"numPassingAsserts":5,"retryReasons":[],"status":"passed","title":"POST /api/invoices/cancel/:serie/:numero should create credit note"}],"endTime":1756773879800,"message":"","name":"/home/stev/Documentos/repos/Huamanizar/EcosistemaVigente/IntegracionBasicaHub/ApiSigo/tests/invoices.e2e.spec.ts","startTime":1756773876390,"status":"passed","summary":""},{"assertionResults":[{"ancestorTitles":["AppController (e2e)"],"duration":18,"failureDetails":[],"failureMessages":[],"fullName":"AppController (e2e) GET /api should return API metadata","invocations":1,"location":null,"numPassingAsserts":1,"retryReasons":[],"status":"passed","title":"GET /api should return API metadata"},{"ancestorTitles":["AppController (e2e)"],"duration":4,"failureDetails":[],"failureMessages":[],"fullName":"AppController (e2e) GET /api/docs should describe endpoints and schemas","invocations":1,"location":null,"numPassingAsserts":1,"retryReasons":[],"status":"passed","title":"GET /api/docs should describe endpoints and schemas"}],"endTime":1756773880087,"message":"","name":"/home/stev/Documentos/repos/Huamanizar/EcosistemaVigente/IntegracionBasicaHub/ApiSigo/tests/app.e2e.spec.ts","startTime":1756773879807,"status":"passed","summary":""}],"wasInterrupted":false}
